<?xml version="1.0" encoding="UTF-8"?>
<!-- Generated by org.testng.reporters.JUnitReportReporter -->
<testsuite skipped="0" hostname="IRON-QA8" name="com.attendanceApp.Test1" tests="2" failures="0" timestamp="06 Jul 2020 07:51:20 GMT" time="86.071" errors="0">
  <testcase name="firstTestCase" time="40.644" classname="com.attendanceApp.Test1"/>
  <testcase name="firstTestCase" time="45.427" classname="com.attendanceApp.Test1"/>
</testsuite> <!-- com.attendanceApp.Test1 -->
