<?xml version="1.0" encoding="UTF-8"?>
<!-- Generated by org.testng.reporters.JUnitReportReporter -->
<testsuite skipped="0" hostname="IRON-QA8" name="com.attendanceApp.Test2" tests="2" failures="0" timestamp="06 Jul 2020 07:51:20 GMT" time="182.655" errors="0">
  <testcase name="secondTestCase" time="92.029" classname="com.attendanceApp.Test2"/>
  <testcase name="secondTestCase" time="90.626" classname="com.attendanceApp.Test2"/>
</testsuite> <!-- com.attendanceApp.Test2 -->
