<?xml version="1.0" encoding="UTF-8"?>
<!-- Generated by org.testng.reporters.JUnitReportReporter -->
<testsuite skipped="0" hostname="IRON-QA8" name="com.attendanceApp.Test3" tests="1" failures="0" timestamp="01 Jul 2020 06:02:09 GMT" time="83.280" errors="0">
  <testcase name="secondTestCase" time="83.280" classname="com.attendanceApp.Test3"/>
</testsuite> <!-- com.attendanceApp.Test3 -->
