<?xml version="1.0" encoding="UTF-8"?>
<!-- Generated by org.testng.reporters.JUnitReportReporter -->
<testsuite skipped="0" hostname="IRON-QA8" name="com.attendanceApp.Test2" tests="2" failures="0" timestamp="2020-07-06T13:58:18 IST" time="166.878" errors="0">
  <testcase name="secondTestCase" time="82.878" classname="com.attendanceApp.Test2"/>
  <testcase name="secondTestCase" time="84.000" classname="com.attendanceApp.Test2"/>
</testsuite> <!-- com.attendanceApp.Test2 -->
