<?xml version="1.0" encoding="UTF-8"?>
<!-- Generated by org.testng.reporters.JUnitReportReporter -->
<testsuite skipped="0" hostname="IRON-QA8" name="com.attendanceApp.Test1" tests="2" failures="0" timestamp="2020-07-06T13:58:18 IST" time="71.646" errors="0">
  <testcase name="firstTestCase" time="35.256" classname="com.attendanceApp.Test1"/>
  <testcase name="firstTestCase" time="36.390" classname="com.attendanceApp.Test1"/>
</testsuite> <!-- com.attendanceApp.Test1 -->
